2022-02-09 21:35:04 [background-preinit] INFO  o.h.validator.internal.util.Version - HV000001: Hibernate Validator 6.2.0.Final
2022-02-09 21:35:04 [main] INFO  c.e.c.ConfigServerApplicationKt - Starting ConfigServerApplicationKt using Java 11.0.13 on Azula with PID 30916 (C:\Users\caiow\Documents\Spring-Kotlin-EventDriven-Pattern\config-server\target\classes started by caiow in C:\Users\caiow\Documents\Spring-Kotlin-EventDriven-Pattern)
2022-02-09 21:35:04 [main] INFO  c.e.c.ConfigServerApplicationKt - No active profile set, falling back to default profiles: default
2022-02-09 21:35:05 [main] INFO  o.s.cloud.context.scope.GenericScope - BeanFactory id=60d07fa5-ab52-3fd4-b680-444f624b6ce8
2022-02-09 21:35:06 [main] INFO  o.s.b.w.e.tomcat.TomcatWebServer - Tomcat initialized with port(s): 8888 (http)
2022-02-09 21:35:06 [main] INFO  o.a.coyote.http11.Http11NioProtocol - Initializing ProtocolHandler ["http-nio-8888"]
2022-02-09 21:35:06 [main] INFO  o.a.catalina.core.StandardService - Starting service [Tomcat]
2022-02-09 21:35:06 [main] INFO  o.a.catalina.core.StandardEngine - Starting Servlet engine: [Apache Tomcat/9.0.56]
2022-02-09 21:35:06 [main] INFO  o.a.c.c.C.[Tomcat].[localhost].[/] - Initializing Spring embedded WebApplicationContext
2022-02-09 21:35:06 [main] INFO  o.s.b.w.s.c.ServletWebServerApplicationContext - Root WebApplicationContext: initialization completed in 2134 ms
2022-02-09 21:35:07 [main] WARN  o.s.b.w.s.c.AnnotationConfigServletWebServerApplicationContext - Exception encountered during context initialization - cancelling refresh attempt: org.springframework.beans.factory.BeanCreationException: Error creating bean with name 'defaultEnvironmentRepository' defined in class path resource [org/springframework/cloud/config/server/config/DefaultRepositoryConfiguration.class]: Invocation of init method failed; nested exception is java.lang.IllegalStateException: You need to configure a uri for the git repository.
2022-02-09 21:35:07 [main] INFO  o.a.catalina.core.StandardService - Stopping service [Tomcat]
2022-02-09 21:35:07 [main] INFO  o.s.b.a.l.ConditionEvaluationReportLoggingListener - 

Error starting ApplicationContext. To display the conditions report re-run your application with 'debug' enabled.
2022-02-09 21:35:07 [main] ERROR o.s.b.d.LoggingFailureAnalysisReporter - 

***************************
APPLICATION FAILED TO START
***************************

Description:

Invalid config server configuration.

Action:

If you are using the git profile, you need to set a Git URI in your configuration.  If you have set spring.cloud.config.server.bootstrap=true, you need to use a composite configuration.

