2022-02-09 22:06:36 [background-preinit] INFO  o.h.validator.internal.util.Version - HV000001: Hibernate Validator 6.2.0.Final
2022-02-09 22:06:36 [main] INFO  c.e.c.ConfigServerApplicationKt - Starting ConfigServerApplicationKt using Java 11.0.13 on Azula with PID 32536 (C:\Users\caiow\Documents\Spring-Kotlin-EventDriven-Pattern\config-server\target\classes started by caiow in C:\Users\caiow\Documents\Spring-Kotlin-EventDriven-Pattern)
2022-02-09 22:06:36 [main] INFO  c.e.c.ConfigServerApplicationKt - No active profile set, falling back to default profiles: default
2022-02-09 22:06:37 [main] INFO  o.s.cloud.context.scope.GenericScope - BeanFactory id=21045629-e33d-3bc5-96b7-99c4dc49207d
2022-02-09 22:06:38 [main] INFO  o.s.b.w.e.tomcat.TomcatWebServer - Tomcat initialized with port(s): 8888 (http)
2022-02-09 22:06:38 [main] INFO  o.a.coyote.http11.Http11NioProtocol - Initializing ProtocolHandler ["http-nio-8888"]
2022-02-09 22:06:38 [main] INFO  o.a.catalina.core.StandardService - Starting service [Tomcat]
2022-02-09 22:06:38 [main] INFO  o.a.catalina.core.StandardEngine - Starting Servlet engine: [Apache Tomcat/9.0.56]
2022-02-09 22:06:38 [main] INFO  o.a.c.c.C.[Tomcat].[localhost].[/] - Initializing Spring embedded WebApplicationContext
2022-02-09 22:06:38 [main] INFO  o.s.b.w.s.c.ServletWebServerApplicationContext - Root WebApplicationContext: initialization completed in 1758 ms
2022-02-09 22:06:38 [main] INFO  o.a.coyote.http11.Http11NioProtocol - Starting ProtocolHandler ["http-nio-8888"]
2022-02-09 22:06:38 [main] INFO  o.s.b.w.e.tomcat.TomcatWebServer - Tomcat started on port(s): 8888 (http) with context path ''
2022-02-09 22:06:39 [main] INFO  c.e.c.ConfigServerApplicationKt - Started ConfigServerApplicationKt in 3.855 seconds (JVM running for 4.468)
2022-02-09 22:07:39 [background-preinit] INFO  o.h.validator.internal.util.Version - HV000001: Hibernate Validator 6.2.0.Final
2022-02-09 22:07:39 [main] INFO  c.e.c.ConfigServerApplicationKt - Starting ConfigServerApplicationKt using Java 11.0.13 on Azula with PID 21520 (C:\Users\caiow\Documents\Spring-Kotlin-EventDriven-Pattern\config-server\target\classes started by caiow in C:\Users\caiow\Documents\Spring-Kotlin-EventDriven-Pattern)
2022-02-09 22:07:39 [main] INFO  c.e.c.ConfigServerApplicationKt - No active profile set, falling back to default profiles: default
2022-02-09 22:07:40 [main] INFO  o.s.cloud.context.scope.GenericScope - BeanFactory id=60d07fa5-ab52-3fd4-b680-444f624b6ce8
2022-02-09 22:07:41 [main] INFO  o.s.b.w.e.tomcat.TomcatWebServer - Tomcat initialized with port(s): 8888 (http)
2022-02-09 22:07:41 [main] INFO  o.a.coyote.http11.Http11NioProtocol - Initializing ProtocolHandler ["http-nio-8888"]
2022-02-09 22:07:41 [main] INFO  o.a.catalina.core.StandardService - Starting service [Tomcat]
2022-02-09 22:07:41 [main] INFO  o.a.catalina.core.StandardEngine - Starting Servlet engine: [Apache Tomcat/9.0.56]
2022-02-09 22:07:41 [main] INFO  o.a.c.c.C.[Tomcat].[localhost].[/] - Initializing Spring embedded WebApplicationContext
2022-02-09 22:07:41 [main] INFO  o.s.b.w.s.c.ServletWebServerApplicationContext - Root WebApplicationContext: initialization completed in 1920 ms
2022-02-09 22:07:42 [main] WARN  o.s.b.w.s.c.AnnotationConfigServletWebServerApplicationContext - Exception encountered during context initialization - cancelling refresh attempt: org.springframework.beans.factory.BeanCreationException: Error creating bean with name 'defaultEnvironmentRepository' defined in class path resource [org/springframework/cloud/config/server/config/DefaultRepositoryConfiguration.class]: Invocation of init method failed; nested exception is java.lang.IllegalStateException: You need to configure a uri for the git repository.
2022-02-09 22:07:42 [main] INFO  o.a.catalina.core.StandardService - Stopping service [Tomcat]
2022-02-09 22:07:42 [main] INFO  o.s.b.a.l.ConditionEvaluationReportLoggingListener - 

Error starting ApplicationContext. To display the conditions report re-run your application with 'debug' enabled.
2022-02-09 22:07:42 [main] ERROR o.s.b.d.LoggingFailureAnalysisReporter - 

***************************
APPLICATION FAILED TO START
***************************

Description:

Invalid config server configuration.

Action:

If you are using the git profile, you need to set a Git URI in your configuration.  If you have set spring.cloud.config.server.bootstrap=true, you need to use a composite configuration.

2022-02-09 22:17:54 [background-preinit] INFO  o.h.validator.internal.util.Version - HV000001: Hibernate Validator 6.2.0.Final
2022-02-09 22:17:55 [main] INFO  c.e.c.ConfigServerApplicationKt - No active profile set, falling back to default profiles: default
2022-02-09 22:17:56 [main] INFO  o.s.cloud.context.scope.GenericScope - BeanFactory id=3c061693-7d39-3f2d-94d2-f5aeb3a623fe
2022-02-09 22:17:56 [main] INFO  o.s.b.w.e.tomcat.TomcatWebServer - Tomcat initialized with port(s): 8888 (http)
2022-02-09 22:17:56 [main] INFO  o.a.coyote.http11.Http11NioProtocol - Initializing ProtocolHandler ["http-nio-8888"]
2022-02-09 22:17:56 [main] INFO  o.a.catalina.core.StandardService - Starting service [Tomcat]
2022-02-09 22:17:56 [main] INFO  o.a.catalina.core.StandardEngine - Starting Servlet engine: [Apache Tomcat/9.0.56]
2022-02-09 22:17:57 [main] INFO  o.a.c.c.C.[Tomcat].[localhost].[/] - Initializing Spring embedded WebApplicationContext
2022-02-09 22:17:57 [main] INFO  o.s.b.w.s.c.ServletWebServerApplicationContext - Root WebApplicationContext: initialization completed in 1522 ms
2022-02-09 22:17:58 [main] INFO  o.a.coyote.http11.Http11NioProtocol - Starting ProtocolHandler ["http-nio-8888"]
2022-02-09 22:17:58 [main] INFO  o.s.b.w.e.tomcat.TomcatWebServer - Tomcat started on port(s): 8888 (http) with context path ''
2022-02-09 22:17:58 [main] INFO  c.e.c.ConfigServerApplicationKt - Started ConfigServerApplicationKt in 4.817 seconds (JVM running for 5.537)
2022-02-09 22:35:35 [background-preinit] INFO  o.h.validator.internal.util.Version - HV000001: Hibernate Validator 6.2.0.Final
2022-02-09 22:35:36 [main] INFO  c.e.c.ConfigServerApplicationKt - No active profile set, falling back to default profiles: default
2022-02-09 22:35:37 [main] INFO  o.s.cloud.context.scope.GenericScope - BeanFactory id=3c061693-7d39-3f2d-94d2-f5aeb3a623fe
2022-02-09 22:35:37 [main] INFO  o.s.b.w.e.tomcat.TomcatWebServer - Tomcat initialized with port(s): 8888 (http)
2022-02-09 22:35:37 [main] INFO  o.a.coyote.http11.Http11NioProtocol - Initializing ProtocolHandler ["http-nio-8888"]
2022-02-09 22:35:37 [main] INFO  o.a.catalina.core.StandardService - Starting service [Tomcat]
2022-02-09 22:35:37 [main] INFO  o.a.catalina.core.StandardEngine - Starting Servlet engine: [Apache Tomcat/9.0.56]
2022-02-09 22:35:37 [main] INFO  o.a.c.c.C.[Tomcat].[localhost].[/] - Initializing Spring embedded WebApplicationContext
2022-02-09 22:35:37 [main] INFO  o.s.b.w.s.c.ServletWebServerApplicationContext - Root WebApplicationContext: initialization completed in 1540 ms
2022-02-09 22:35:39 [main] INFO  o.a.coyote.http11.Http11NioProtocol - Starting ProtocolHandler ["http-nio-8888"]
2022-02-09 22:35:39 [main] INFO  o.s.b.w.e.tomcat.TomcatWebServer - Tomcat started on port(s): 8888 (http) with context path ''
2022-02-09 22:35:39 [main] INFO  c.e.c.ConfigServerApplicationKt - Started ConfigServerApplicationKt in 4.87 seconds (JVM running for 5.605)
2022-02-09 22:52:19 [background-preinit] INFO  o.h.validator.internal.util.Version - HV000001: Hibernate Validator 6.2.0.Final
2022-02-09 22:52:20 [main] INFO  c.e.c.ConfigServerApplicationKt - No active profile set, falling back to default profiles: default
2022-02-09 22:52:21 [main] INFO  o.s.cloud.context.scope.GenericScope - BeanFactory id=3c061693-7d39-3f2d-94d2-f5aeb3a623fe
2022-02-09 22:52:21 [main] INFO  o.s.b.w.e.tomcat.TomcatWebServer - Tomcat initialized with port(s): 8888 (http)
2022-02-09 22:52:21 [main] INFO  o.a.coyote.http11.Http11NioProtocol - Initializing ProtocolHandler ["http-nio-8888"]
2022-02-09 22:52:21 [main] INFO  o.a.catalina.core.StandardService - Starting service [Tomcat]
2022-02-09 22:52:21 [main] INFO  o.a.catalina.core.StandardEngine - Starting Servlet engine: [Apache Tomcat/9.0.56]
2022-02-09 22:52:21 [main] INFO  o.a.c.c.C.[Tomcat].[localhost].[/] - Initializing Spring embedded WebApplicationContext
2022-02-09 22:52:21 [main] INFO  o.s.b.w.s.c.ServletWebServerApplicationContext - Root WebApplicationContext: initialization completed in 1521 ms
2022-02-09 22:52:22 [main] DEBUG o.s.c.c.s.s.GitCredentialsProviderFactory - Constructing UsernamePasswordCredentialsProvider for URI fail
2022-02-09 22:52:26 [main] WARN  o.s.c.c.s.e.MultipleJGitEnvironmentRepository - Error occured cloning to base directory.
org.eclipse.jgit.api.errors.InvalidRemoteException: Invalid remote: origin
	at org.eclipse.jgit.api.FetchCommand.call(FetchCommand.java:221)
	at org.eclipse.jgit.api.CloneCommand.fetch(CloneCommand.java:303)
	at org.eclipse.jgit.api.CloneCommand.call(CloneCommand.java:178)
	at org.springframework.cloud.config.server.environment.JGitEnvironmentRepository.cloneToBasedir(JGitEnvironmentRepository.java:658)
	at org.springframework.cloud.config.server.environment.JGitEnvironmentRepository.initClonedRepository(JGitEnvironmentRepository.java:363)
	at org.springframework.cloud.config.server.environment.JGitEnvironmentRepository.afterPropertiesSet(JGitEnvironmentRepository.java:284)
	at org.springframework.cloud.config.server.environment.MultipleJGitEnvironmentRepository.afterPropertiesSet(MultipleJGitEnvironmentRepository.java:66)
	at org.springframework.beans.factory.support.AbstractAutowireCapableBeanFactory.invokeInitMethods(AbstractAutowireCapableBeanFactory.java:1863)
	at org.springframework.beans.factory.support.AbstractAutowireCapableBeanFactory.initializeBean(AbstractAutowireCapableBeanFactory.java:1800)
	at org.springframework.beans.factory.support.AbstractAutowireCapableBeanFactory.doCreateBean(AbstractAutowireCapableBeanFactory.java:620)
	at org.springframework.beans.factory.support.AbstractAutowireCapableBeanFactory.createBean(AbstractAutowireCapableBeanFactory.java:542)
	at org.springframework.beans.factory.support.AbstractBeanFactory.lambda$doGetBean$0(AbstractBeanFactory.java:335)
	at org.springframework.beans.factory.support.DefaultSingletonBeanRegistry.getSingleton(DefaultSingletonBeanRegistry.java:234)
	at org.springframework.beans.factory.support.AbstractBeanFactory.doGetBean(AbstractBeanFactory.java:333)
	at org.springframework.beans.factory.support.AbstractBeanFactory.getBean(AbstractBeanFactory.java:208)
	at org.springframework.beans.factory.support.DefaultListableBeanFactory.preInstantiateSingletons(DefaultListableBeanFactory.java:953)
	at org.springframework.context.support.AbstractApplicationContext.finishBeanFactoryInitialization(AbstractApplicationContext.java:918)
	at org.springframework.context.support.AbstractApplicationContext.refresh(AbstractApplicationContext.java:583)
	at org.springframework.boot.web.servlet.context.ServletWebServerApplicationContext.refresh(ServletWebServerApplicationContext.java:145)
	at org.springframework.boot.SpringApplication.refresh(SpringApplication.java:732)
	at org.springframework.boot.SpringApplication.refreshContext(SpringApplication.java:414)
	at org.springframework.boot.SpringApplication.run(SpringApplication.java:302)
	at org.springframework.boot.SpringApplication.run(SpringApplication.java:1303)
	at org.springframework.boot.SpringApplication.run(SpringApplication.java:1292)
	at com.example.configserver.ConfigServerApplicationKt.main(ConfigServerApplication.kt:15)
Caused by: org.eclipse.jgit.errors.NoRemoteRepositoryException: fail: not found.
	at org.eclipse.jgit.transport.TransportLocal$1.open(TransportLocal.java:100)
	at org.eclipse.jgit.transport.TransportBundleFile$1.open(TransportBundleFile.java:74)
	at org.eclipse.jgit.transport.Transport.open(Transport.java:521)
	at org.eclipse.jgit.transport.Transport.open(Transport.java:397)
	at org.eclipse.jgit.transport.Transport.open(Transport.java:276)
	at org.eclipse.jgit.transport.Transport.open(Transport.java:244)
	at org.eclipse.jgit.api.FetchCommand.call(FetchCommand.java:205)
	... 24 common frames omitted
2022-02-09 22:52:26 [main] WARN  o.s.b.w.s.c.AnnotationConfigServletWebServerApplicationContext - Exception encountered during context initialization - cancelling refresh attempt: org.springframework.beans.factory.BeanCreationException: Error creating bean with name 'defaultEnvironmentRepository' defined in class path resource [org/springframework/cloud/config/server/config/DefaultRepositoryConfiguration.class]: Invocation of init method failed; nested exception is org.eclipse.jgit.api.errors.InvalidRemoteException: Invalid remote: origin
2022-02-09 22:52:26 [main] INFO  o.a.catalina.core.StandardService - Stopping service [Tomcat]
2022-02-09 22:52:26 [main] INFO  o.s.b.a.l.ConditionEvaluationReportLoggingListener - 

Error starting ApplicationContext. To display the conditions report re-run your application with 'debug' enabled.
2022-02-09 22:52:26 [main] ERROR o.s.boot.SpringApplication - Application run failed
org.springframework.beans.factory.BeanCreationException: Error creating bean with name 'defaultEnvironmentRepository' defined in class path resource [org/springframework/cloud/config/server/config/DefaultRepositoryConfiguration.class]: Invocation of init method failed; nested exception is org.eclipse.jgit.api.errors.InvalidRemoteException: Invalid remote: origin
	at org.springframework.beans.factory.support.AbstractAutowireCapableBeanFactory.initializeBean(AbstractAutowireCapableBeanFactory.java:1804)
	at org.springframework.beans.factory.support.AbstractAutowireCapableBeanFactory.doCreateBean(AbstractAutowireCapableBeanFactory.java:620)
	at org.springframework.beans.factory.support.AbstractAutowireCapableBeanFactory.createBean(AbstractAutowireCapableBeanFactory.java:542)
	at org.springframework.beans.factory.support.AbstractBeanFactory.lambda$doGetBean$0(AbstractBeanFactory.java:335)
	at org.springframework.beans.factory.support.DefaultSingletonBeanRegistry.getSingleton(DefaultSingletonBeanRegistry.java:234)
	at org.springframework.beans.factory.support.AbstractBeanFactory.doGetBean(AbstractBeanFactory.java:333)
	at org.springframework.beans.factory.support.AbstractBeanFactory.getBean(AbstractBeanFactory.java:208)
	at org.springframework.beans.factory.support.DefaultListableBeanFactory.preInstantiateSingletons(DefaultListableBeanFactory.java:953)
	at org.springframework.context.support.AbstractApplicationContext.finishBeanFactoryInitialization(AbstractApplicationContext.java:918)
	at org.springframework.context.support.AbstractApplicationContext.refresh(AbstractApplicationContext.java:583)
	at org.springframework.boot.web.servlet.context.ServletWebServerApplicationContext.refresh(ServletWebServerApplicationContext.java:145)
	at org.springframework.boot.SpringApplication.refresh(SpringApplication.java:732)
	at org.springframework.boot.SpringApplication.refreshContext(SpringApplication.java:414)
	at org.springframework.boot.SpringApplication.run(SpringApplication.java:302)
	at org.springframework.boot.SpringApplication.run(SpringApplication.java:1303)
	at org.springframework.boot.SpringApplication.run(SpringApplication.java:1292)
	at com.example.configserver.ConfigServerApplicationKt.main(ConfigServerApplication.kt:15)
Caused by: org.eclipse.jgit.api.errors.InvalidRemoteException: Invalid remote: origin
	at org.eclipse.jgit.api.FetchCommand.call(FetchCommand.java:221)
	at org.eclipse.jgit.api.CloneCommand.fetch(CloneCommand.java:303)
	at org.eclipse.jgit.api.CloneCommand.call(CloneCommand.java:178)
	at org.springframework.cloud.config.server.environment.JGitEnvironmentRepository.cloneToBasedir(JGitEnvironmentRepository.java:658)
	at org.springframework.cloud.config.server.environment.JGitEnvironmentRepository.initClonedRepository(JGitEnvironmentRepository.java:363)
	at org.springframework.cloud.config.server.environment.JGitEnvironmentRepository.afterPropertiesSet(JGitEnvironmentRepository.java:284)
	at org.springframework.cloud.config.server.environment.MultipleJGitEnvironmentRepository.afterPropertiesSet(MultipleJGitEnvironmentRepository.java:66)
	at org.springframework.beans.factory.support.AbstractAutowireCapableBeanFactory.invokeInitMethods(AbstractAutowireCapableBeanFactory.java:1863)
	at org.springframework.beans.factory.support.AbstractAutowireCapableBeanFactory.initializeBean(AbstractAutowireCapableBeanFactory.java:1800)
	... 16 common frames omitted
Caused by: org.eclipse.jgit.errors.NoRemoteRepositoryException: fail: not found.
	at org.eclipse.jgit.transport.TransportLocal$1.open(TransportLocal.java:100)
	at org.eclipse.jgit.transport.TransportBundleFile$1.open(TransportBundleFile.java:74)
	at org.eclipse.jgit.transport.Transport.open(Transport.java:521)
	at org.eclipse.jgit.transport.Transport.open(Transport.java:397)
	at org.eclipse.jgit.transport.Transport.open(Transport.java:276)
	at org.eclipse.jgit.transport.Transport.open(Transport.java:244)
	at org.eclipse.jgit.api.FetchCommand.call(FetchCommand.java:205)
	... 24 common frames omitted
2022-02-09 22:55:28 [background-preinit] INFO  o.h.validator.internal.util.Version - HV000001: Hibernate Validator 6.2.0.Final
2022-02-09 22:55:29 [main] INFO  c.e.c.ConfigServerApplicationKt - No active profile set, falling back to default profiles: default
2022-02-09 22:55:29 [main] INFO  o.s.cloud.context.scope.GenericScope - BeanFactory id=3c061693-7d39-3f2d-94d2-f5aeb3a623fe
2022-02-09 22:55:30 [main] INFO  o.s.b.w.e.tomcat.TomcatWebServer - Tomcat initialized with port(s): 8888 (http)
2022-02-09 22:55:30 [main] INFO  o.a.coyote.http11.Http11NioProtocol - Initializing ProtocolHandler ["http-nio-8888"]
2022-02-09 22:55:30 [main] INFO  o.a.catalina.core.StandardService - Starting service [Tomcat]
2022-02-09 22:55:30 [main] INFO  o.a.catalina.core.StandardEngine - Starting Servlet engine: [Apache Tomcat/9.0.56]
2022-02-09 22:55:30 [main] INFO  o.a.c.c.C.[Tomcat].[localhost].[/] - Initializing Spring embedded WebApplicationContext
2022-02-09 22:55:30 [main] INFO  o.s.b.w.s.c.ServletWebServerApplicationContext - Root WebApplicationContext: initialization completed in 1396 ms
2022-02-09 22:55:31 [main] DEBUG o.s.c.c.s.s.GitCredentialsProviderFactory - Constructing UsernamePasswordCredentialsProvider for URI fail
2022-02-09 22:55:31 [main] WARN  o.s.c.c.s.e.MultipleJGitEnvironmentRepository - Error occured cloning to base directory.
org.eclipse.jgit.api.errors.InvalidRemoteException: Invalid remote: origin
	at org.eclipse.jgit.api.FetchCommand.call(FetchCommand.java:221)
	at org.eclipse.jgit.api.CloneCommand.fetch(CloneCommand.java:303)
	at org.eclipse.jgit.api.CloneCommand.call(CloneCommand.java:178)
	at org.springframework.cloud.config.server.environment.JGitEnvironmentRepository.cloneToBasedir(JGitEnvironmentRepository.java:658)
	at org.springframework.cloud.config.server.environment.JGitEnvironmentRepository.initClonedRepository(JGitEnvironmentRepository.java:363)
	at org.springframework.cloud.config.server.environment.JGitEnvironmentRepository.afterPropertiesSet(JGitEnvironmentRepository.java:284)
	at org.springframework.cloud.config.server.environment.MultipleJGitEnvironmentRepository.afterPropertiesSet(MultipleJGitEnvironmentRepository.java:66)
	at org.springframework.beans.factory.support.AbstractAutowireCapableBeanFactory.invokeInitMethods(AbstractAutowireCapableBeanFactory.java:1863)
	at org.springframework.beans.factory.support.AbstractAutowireCapableBeanFactory.initializeBean(AbstractAutowireCapableBeanFactory.java:1800)
	at org.springframework.beans.factory.support.AbstractAutowireCapableBeanFactory.doCreateBean(AbstractAutowireCapableBeanFactory.java:620)
	at org.springframework.beans.factory.support.AbstractAutowireCapableBeanFactory.createBean(AbstractAutowireCapableBeanFactory.java:542)
	at org.springframework.beans.factory.support.AbstractBeanFactory.lambda$doGetBean$0(AbstractBeanFactory.java:335)
	at org.springframework.beans.factory.support.DefaultSingletonBeanRegistry.getSingleton(DefaultSingletonBeanRegistry.java:234)
	at org.springframework.beans.factory.support.AbstractBeanFactory.doGetBean(AbstractBeanFactory.java:333)
	at org.springframework.beans.factory.support.AbstractBeanFactory.getBean(AbstractBeanFactory.java:208)
	at org.springframework.beans.factory.support.DefaultListableBeanFactory.preInstantiateSingletons(DefaultListableBeanFactory.java:953)
	at org.springframework.context.support.AbstractApplicationContext.finishBeanFactoryInitialization(AbstractApplicationContext.java:918)
	at org.springframework.context.support.AbstractApplicationContext.refresh(AbstractApplicationContext.java:583)
	at org.springframework.boot.web.servlet.context.ServletWebServerApplicationContext.refresh(ServletWebServerApplicationContext.java:145)
	at org.springframework.boot.SpringApplication.refresh(SpringApplication.java:732)
	at org.springframework.boot.SpringApplication.refreshContext(SpringApplication.java:414)
	at org.springframework.boot.SpringApplication.run(SpringApplication.java:302)
	at org.springframework.boot.SpringApplication.run(SpringApplication.java:1303)
	at org.springframework.boot.SpringApplication.run(SpringApplication.java:1292)
	at com.example.configserver.ConfigServerApplicationKt.main(ConfigServerApplication.kt:15)
Caused by: org.eclipse.jgit.errors.NoRemoteRepositoryException: fail: not found.
	at org.eclipse.jgit.transport.TransportLocal$1.open(TransportLocal.java:100)
	at org.eclipse.jgit.transport.TransportBundleFile$1.open(TransportBundleFile.java:74)
	at org.eclipse.jgit.transport.Transport.open(Transport.java:521)
	at org.eclipse.jgit.transport.Transport.open(Transport.java:397)
	at org.eclipse.jgit.transport.Transport.open(Transport.java:276)
	at org.eclipse.jgit.transport.Transport.open(Transport.java:244)
	at org.eclipse.jgit.api.FetchCommand.call(FetchCommand.java:205)
	... 24 common frames omitted
2022-02-09 22:55:31 [main] WARN  o.s.b.w.s.c.AnnotationConfigServletWebServerApplicationContext - Exception encountered during context initialization - cancelling refresh attempt: org.springframework.beans.factory.BeanCreationException: Error creating bean with name 'defaultEnvironmentRepository' defined in class path resource [org/springframework/cloud/config/server/config/DefaultRepositoryConfiguration.class]: Invocation of init method failed; nested exception is org.eclipse.jgit.api.errors.InvalidRemoteException: Invalid remote: origin
2022-02-09 22:55:31 [main] INFO  o.a.catalina.core.StandardService - Stopping service [Tomcat]
2022-02-09 22:55:31 [main] INFO  o.s.b.a.l.ConditionEvaluationReportLoggingListener - 

Error starting ApplicationContext. To display the conditions report re-run your application with 'debug' enabled.
2022-02-09 22:55:31 [main] ERROR o.s.boot.SpringApplication - Application run failed
org.springframework.beans.factory.BeanCreationException: Error creating bean with name 'defaultEnvironmentRepository' defined in class path resource [org/springframework/cloud/config/server/config/DefaultRepositoryConfiguration.class]: Invocation of init method failed; nested exception is org.eclipse.jgit.api.errors.InvalidRemoteException: Invalid remote: origin
	at org.springframework.beans.factory.support.AbstractAutowireCapableBeanFactory.initializeBean(AbstractAutowireCapableBeanFactory.java:1804)
	at org.springframework.beans.factory.support.AbstractAutowireCapableBeanFactory.doCreateBean(AbstractAutowireCapableBeanFactory.java:620)
	at org.springframework.beans.factory.support.AbstractAutowireCapableBeanFactory.createBean(AbstractAutowireCapableBeanFactory.java:542)
	at org.springframework.beans.factory.support.AbstractBeanFactory.lambda$doGetBean$0(AbstractBeanFactory.java:335)
	at org.springframework.beans.factory.support.DefaultSingletonBeanRegistry.getSingleton(DefaultSingletonBeanRegistry.java:234)
	at org.springframework.beans.factory.support.AbstractBeanFactory.doGetBean(AbstractBeanFactory.java:333)
	at org.springframework.beans.factory.support.AbstractBeanFactory.getBean(AbstractBeanFactory.java:208)
	at org.springframework.beans.factory.support.DefaultListableBeanFactory.preInstantiateSingletons(DefaultListableBeanFactory.java:953)
	at org.springframework.context.support.AbstractApplicationContext.finishBeanFactoryInitialization(AbstractApplicationContext.java:918)
	at org.springframework.context.support.AbstractApplicationContext.refresh(AbstractApplicationContext.java:583)
	at org.springframework.boot.web.servlet.context.ServletWebServerApplicationContext.refresh(ServletWebServerApplicationContext.java:145)
	at org.springframework.boot.SpringApplication.refresh(SpringApplication.java:732)
	at org.springframework.boot.SpringApplication.refreshContext(SpringApplication.java:414)
	at org.springframework.boot.SpringApplication.run(SpringApplication.java:302)
	at org.springframework.boot.SpringApplication.run(SpringApplication.java:1303)
	at org.springframework.boot.SpringApplication.run(SpringApplication.java:1292)
	at com.example.configserver.ConfigServerApplicationKt.main(ConfigServerApplication.kt:15)
Caused by: org.eclipse.jgit.api.errors.InvalidRemoteException: Invalid remote: origin
	at org.eclipse.jgit.api.FetchCommand.call(FetchCommand.java:221)
	at org.eclipse.jgit.api.CloneCommand.fetch(CloneCommand.java:303)
	at org.eclipse.jgit.api.CloneCommand.call(CloneCommand.java:178)
	at org.springframework.cloud.config.server.environment.JGitEnvironmentRepository.cloneToBasedir(JGitEnvironmentRepository.java:658)
	at org.springframework.cloud.config.server.environment.JGitEnvironmentRepository.initClonedRepository(JGitEnvironmentRepository.java:363)
	at org.springframework.cloud.config.server.environment.JGitEnvironmentRepository.afterPropertiesSet(JGitEnvironmentRepository.java:284)
	at org.springframework.cloud.config.server.environment.MultipleJGitEnvironmentRepository.afterPropertiesSet(MultipleJGitEnvironmentRepository.java:66)
	at org.springframework.beans.factory.support.AbstractAutowireCapableBeanFactory.invokeInitMethods(AbstractAutowireCapableBeanFactory.java:1863)
	at org.springframework.beans.factory.support.AbstractAutowireCapableBeanFactory.initializeBean(AbstractAutowireCapableBeanFactory.java:1800)
	... 16 common frames omitted
Caused by: org.eclipse.jgit.errors.NoRemoteRepositoryException: fail: not found.
	at org.eclipse.jgit.transport.TransportLocal$1.open(TransportLocal.java:100)
	at org.eclipse.jgit.transport.TransportBundleFile$1.open(TransportBundleFile.java:74)
	at org.eclipse.jgit.transport.Transport.open(Transport.java:521)
	at org.eclipse.jgit.transport.Transport.open(Transport.java:397)
	at org.eclipse.jgit.transport.Transport.open(Transport.java:276)
	at org.eclipse.jgit.transport.Transport.open(Transport.java:244)
	at org.eclipse.jgit.api.FetchCommand.call(FetchCommand.java:205)
	... 24 common frames omitted
2022-02-09 22:55:38 [background-preinit] INFO  o.h.validator.internal.util.Version - HV000001: Hibernate Validator 6.2.0.Final
2022-02-09 22:55:39 [main] INFO  c.e.c.ConfigServerApplicationKt - No active profile set, falling back to default profiles: default
2022-02-09 22:55:40 [main] INFO  o.s.cloud.context.scope.GenericScope - BeanFactory id=3c061693-7d39-3f2d-94d2-f5aeb3a623fe
2022-02-09 22:55:41 [main] INFO  o.s.b.w.e.tomcat.TomcatWebServer - Tomcat initialized with port(s): 8888 (http)
2022-02-09 22:55:41 [main] INFO  o.a.coyote.http11.Http11NioProtocol - Initializing ProtocolHandler ["http-nio-8888"]
2022-02-09 22:55:41 [main] INFO  o.a.catalina.core.StandardService - Starting service [Tomcat]
2022-02-09 22:55:41 [main] INFO  o.a.catalina.core.StandardEngine - Starting Servlet engine: [Apache Tomcat/9.0.56]
2022-02-09 22:55:41 [main] INFO  o.a.c.c.C.[Tomcat].[localhost].[/] - Initializing Spring embedded WebApplicationContext
2022-02-09 22:55:41 [main] INFO  o.s.b.w.s.c.ServletWebServerApplicationContext - Root WebApplicationContext: initialization completed in 1427 ms
2022-02-09 22:55:42 [main] DEBUG o.s.c.c.s.s.GitCredentialsProviderFactory - Constructing UsernamePasswordCredentialsProvider for URI fail
2022-02-09 22:55:42 [main] WARN  o.s.c.c.s.e.MultipleJGitEnvironmentRepository - Error occured cloning to base directory.
org.eclipse.jgit.api.errors.InvalidRemoteException: Invalid remote: origin
	at org.eclipse.jgit.api.FetchCommand.call(FetchCommand.java:221)
	at org.eclipse.jgit.api.CloneCommand.fetch(CloneCommand.java:303)
	at org.eclipse.jgit.api.CloneCommand.call(CloneCommand.java:178)
	at org.springframework.cloud.config.server.environment.JGitEnvironmentRepository.cloneToBasedir(JGitEnvironmentRepository.java:658)
	at org.springframework.cloud.config.server.environment.JGitEnvironmentRepository.initClonedRepository(JGitEnvironmentRepository.java:363)
	at org.springframework.cloud.config.server.environment.JGitEnvironmentRepository.afterPropertiesSet(JGitEnvironmentRepository.java:284)
	at org.springframework.cloud.config.server.environment.MultipleJGitEnvironmentRepository.afterPropertiesSet(MultipleJGitEnvironmentRepository.java:66)
	at org.springframework.beans.factory.support.AbstractAutowireCapableBeanFactory.invokeInitMethods(AbstractAutowireCapableBeanFactory.java:1863)
	at org.springframework.beans.factory.support.AbstractAutowireCapableBeanFactory.initializeBean(AbstractAutowireCapableBeanFactory.java:1800)
	at org.springframework.beans.factory.support.AbstractAutowireCapableBeanFactory.doCreateBean(AbstractAutowireCapableBeanFactory.java:620)
	at org.springframework.beans.factory.support.AbstractAutowireCapableBeanFactory.createBean(AbstractAutowireCapableBeanFactory.java:542)
	at org.springframework.beans.factory.support.AbstractBeanFactory.lambda$doGetBean$0(AbstractBeanFactory.java:335)
	at org.springframework.beans.factory.support.DefaultSingletonBeanRegistry.getSingleton(DefaultSingletonBeanRegistry.java:234)
	at org.springframework.beans.factory.support.AbstractBeanFactory.doGetBean(AbstractBeanFactory.java:333)
	at org.springframework.beans.factory.support.AbstractBeanFactory.getBean(AbstractBeanFactory.java:208)
	at org.springframework.beans.factory.support.DefaultListableBeanFactory.preInstantiateSingletons(DefaultListableBeanFactory.java:953)
	at org.springframework.context.support.AbstractApplicationContext.finishBeanFactoryInitialization(AbstractApplicationContext.java:918)
	at org.springframework.context.support.AbstractApplicationContext.refresh(AbstractApplicationContext.java:583)
	at org.springframework.boot.web.servlet.context.ServletWebServerApplicationContext.refresh(ServletWebServerApplicationContext.java:145)
	at org.springframework.boot.SpringApplication.refresh(SpringApplication.java:732)
	at org.springframework.boot.SpringApplication.refreshContext(SpringApplication.java:414)
	at org.springframework.boot.SpringApplication.run(SpringApplication.java:302)
	at org.springframework.boot.SpringApplication.run(SpringApplication.java:1303)
	at org.springframework.boot.SpringApplication.run(SpringApplication.java:1292)
	at com.example.configserver.ConfigServerApplicationKt.main(ConfigServerApplication.kt:15)
Caused by: org.eclipse.jgit.errors.NoRemoteRepositoryException: fail: not found.
	at org.eclipse.jgit.transport.TransportLocal$1.open(TransportLocal.java:100)
	at org.eclipse.jgit.transport.TransportBundleFile$1.open(TransportBundleFile.java:74)
	at org.eclipse.jgit.transport.Transport.open(Transport.java:521)
	at org.eclipse.jgit.transport.Transport.open(Transport.java:397)
	at org.eclipse.jgit.transport.Transport.open(Transport.java:276)
	at org.eclipse.jgit.transport.Transport.open(Transport.java:244)
	at org.eclipse.jgit.api.FetchCommand.call(FetchCommand.java:205)
	... 24 common frames omitted
2022-02-09 22:55:42 [main] WARN  o.s.b.w.s.c.AnnotationConfigServletWebServerApplicationContext - Exception encountered during context initialization - cancelling refresh attempt: org.springframework.beans.factory.BeanCreationException: Error creating bean with name 'defaultEnvironmentRepository' defined in class path resource [org/springframework/cloud/config/server/config/DefaultRepositoryConfiguration.class]: Invocation of init method failed; nested exception is org.eclipse.jgit.api.errors.InvalidRemoteException: Invalid remote: origin
2022-02-09 22:55:42 [main] INFO  o.a.catalina.core.StandardService - Stopping service [Tomcat]
2022-02-09 22:55:42 [main] INFO  o.s.b.a.l.ConditionEvaluationReportLoggingListener - 

Error starting ApplicationContext. To display the conditions report re-run your application with 'debug' enabled.
2022-02-09 22:55:42 [main] ERROR o.s.boot.SpringApplication - Application run failed
org.springframework.beans.factory.BeanCreationException: Error creating bean with name 'defaultEnvironmentRepository' defined in class path resource [org/springframework/cloud/config/server/config/DefaultRepositoryConfiguration.class]: Invocation of init method failed; nested exception is org.eclipse.jgit.api.errors.InvalidRemoteException: Invalid remote: origin
	at org.springframework.beans.factory.support.AbstractAutowireCapableBeanFactory.initializeBean(AbstractAutowireCapableBeanFactory.java:1804)
	at org.springframework.beans.factory.support.AbstractAutowireCapableBeanFactory.doCreateBean(AbstractAutowireCapableBeanFactory.java:620)
	at org.springframework.beans.factory.support.AbstractAutowireCapableBeanFactory.createBean(AbstractAutowireCapableBeanFactory.java:542)
	at org.springframework.beans.factory.support.AbstractBeanFactory.lambda$doGetBean$0(AbstractBeanFactory.java:335)
	at org.springframework.beans.factory.support.DefaultSingletonBeanRegistry.getSingleton(DefaultSingletonBeanRegistry.java:234)
	at org.springframework.beans.factory.support.AbstractBeanFactory.doGetBean(AbstractBeanFactory.java:333)
	at org.springframework.beans.factory.support.AbstractBeanFactory.getBean(AbstractBeanFactory.java:208)
	at org.springframework.beans.factory.support.DefaultListableBeanFactory.preInstantiateSingletons(DefaultListableBeanFactory.java:953)
	at org.springframework.context.support.AbstractApplicationContext.finishBeanFactoryInitialization(AbstractApplicationContext.java:918)
	at org.springframework.context.support.AbstractApplicationContext.refresh(AbstractApplicationContext.java:583)
	at org.springframework.boot.web.servlet.context.ServletWebServerApplicationContext.refresh(ServletWebServerApplicationContext.java:145)
	at org.springframework.boot.SpringApplication.refresh(SpringApplication.java:732)
	at org.springframework.boot.SpringApplication.refreshContext(SpringApplication.java:414)
	at org.springframework.boot.SpringApplication.run(SpringApplication.java:302)
	at org.springframework.boot.SpringApplication.run(SpringApplication.java:1303)
	at org.springframework.boot.SpringApplication.run(SpringApplication.java:1292)
	at com.example.configserver.ConfigServerApplicationKt.main(ConfigServerApplication.kt:15)
Caused by: org.eclipse.jgit.api.errors.InvalidRemoteException: Invalid remote: origin
	at org.eclipse.jgit.api.FetchCommand.call(FetchCommand.java:221)
	at org.eclipse.jgit.api.CloneCommand.fetch(CloneCommand.java:303)
	at org.eclipse.jgit.api.CloneCommand.call(CloneCommand.java:178)
	at org.springframework.cloud.config.server.environment.JGitEnvironmentRepository.cloneToBasedir(JGitEnvironmentRepository.java:658)
	at org.springframework.cloud.config.server.environment.JGitEnvironmentRepository.initClonedRepository(JGitEnvironmentRepository.java:363)
	at org.springframework.cloud.config.server.environment.JGitEnvironmentRepository.afterPropertiesSet(JGitEnvironmentRepository.java:284)
	at org.springframework.cloud.config.server.environment.MultipleJGitEnvironmentRepository.afterPropertiesSet(MultipleJGitEnvironmentRepository.java:66)
	at org.springframework.beans.factory.support.AbstractAutowireCapableBeanFactory.invokeInitMethods(AbstractAutowireCapableBeanFactory.java:1863)
	at org.springframework.beans.factory.support.AbstractAutowireCapableBeanFactory.initializeBean(AbstractAutowireCapableBeanFactory.java:1800)
	... 16 common frames omitted
Caused by: org.eclipse.jgit.errors.NoRemoteRepositoryException: fail: not found.
	at org.eclipse.jgit.transport.TransportLocal$1.open(TransportLocal.java:100)
	at org.eclipse.jgit.transport.TransportBundleFile$1.open(TransportBundleFile.java:74)
	at org.eclipse.jgit.transport.Transport.open(Transport.java:521)
	at org.eclipse.jgit.transport.Transport.open(Transport.java:397)
	at org.eclipse.jgit.transport.Transport.open(Transport.java:276)
	at org.eclipse.jgit.transport.Transport.open(Transport.java:244)
	at org.eclipse.jgit.api.FetchCommand.call(FetchCommand.java:205)
	... 24 common frames omitted
2022-02-09 22:56:06 [background-preinit] INFO  o.h.validator.internal.util.Version - HV000001: Hibernate Validator 6.2.0.Final
2022-02-09 22:56:07 [main] INFO  c.e.c.ConfigServerApplicationKt - No active profile set, falling back to default profiles: default
2022-02-09 22:56:08 [main] INFO  o.s.cloud.context.scope.GenericScope - BeanFactory id=3c061693-7d39-3f2d-94d2-f5aeb3a623fe
2022-02-09 22:56:08 [main] INFO  o.s.b.w.e.tomcat.TomcatWebServer - Tomcat initialized with port(s): 8888 (http)
2022-02-09 22:56:08 [main] INFO  o.a.coyote.http11.Http11NioProtocol - Initializing ProtocolHandler ["http-nio-8888"]
2022-02-09 22:56:08 [main] INFO  o.a.catalina.core.StandardService - Starting service [Tomcat]
2022-02-09 22:56:08 [main] INFO  o.a.catalina.core.StandardEngine - Starting Servlet engine: [Apache Tomcat/9.0.56]
2022-02-09 22:56:08 [main] INFO  o.a.c.c.C.[Tomcat].[localhost].[/] - Initializing Spring embedded WebApplicationContext
2022-02-09 22:56:08 [main] INFO  o.s.b.w.s.c.ServletWebServerApplicationContext - Root WebApplicationContext: initialization completed in 1442 ms
2022-02-09 22:56:09 [main] DEBUG o.s.c.c.s.s.GitCredentialsProviderFactory - Constructing UsernamePasswordCredentialsProvider for URI https://github.com/caiofernandes00/Spring-Cloud-Server-Repository
2022-02-09 22:56:11 [main] INFO  o.a.coyote.http11.Http11NioProtocol - Starting ProtocolHandler ["http-nio-8888"]
2022-02-09 22:56:11 [main] INFO  o.s.b.w.e.tomcat.TomcatWebServer - Tomcat started on port(s): 8888 (http) with context path ''
2022-02-09 22:56:11 [main] INFO  c.e.c.ConfigServerApplicationKt - Started ConfigServerApplicationKt in 6.308 seconds (JVM running for 6.819)
2022-02-09 22:57:45 [http-nio-8888-exec-1] INFO  o.a.c.c.C.[Tomcat].[localhost].[/] - Initializing Spring DispatcherServlet 'dispatcherServlet'
2022-02-09 22:57:45 [http-nio-8888-exec-1] INFO  o.s.web.servlet.DispatcherServlet - Initializing Servlet 'dispatcherServlet'
2022-02-09 22:57:45 [http-nio-8888-exec-1] INFO  o.s.web.servlet.DispatcherServlet - Completed initialization in 2 ms
2022-02-09 22:57:45 [http-nio-8888-exec-1] DEBUG o.s.c.c.s.s.GitCredentialsProviderFactory - Constructing UsernamePasswordCredentialsProvider for URI https://github.com/caiofernandes00/Spring-Cloud-Server-Repository
2022-02-09 22:57:45 [http-nio-8888-exec-1] INFO  o.s.c.c.s.e.NativeEnvironmentRepository - Adding property source: Config resource 'file [C:\Users\caiow\AppData\Local\Temp\config-repo-1581957115695070279\config-client-twitterservice.yaml]' via location 'file:/C:/Users/caiow/AppData/Local/Temp/config-repo-1581957115695070279/'
2022-02-09 22:57:45 [http-nio-8888-exec-1] INFO  o.s.c.c.s.e.NativeEnvironmentRepository - Adding property source: Config resource 'file [C:\Users\caiow\AppData\Local\Temp\config-repo-1581957115695070279\config-client.yaml]' via location 'file:/C:/Users/caiow/AppData/Local/Temp/config-repo-1581957115695070279/'
2022-02-09 22:59:36 [http-nio-8888-exec-3] DEBUG o.s.c.c.s.s.GitCredentialsProviderFactory - Constructing UsernamePasswordCredentialsProvider for URI https://github.com/caiofernandes00/Spring-Cloud-Server-Repository
2022-02-09 22:59:36 [http-nio-8888-exec-3] INFO  o.s.c.c.s.e.NativeEnvironmentRepository - Adding property source: Config resource 'file [C:\Users\caiow\AppData\Local\Temp\config-repo-1581957115695070279\config-client-twitterservice.yaml]' via location 'file:/C:/Users/caiow/AppData/Local/Temp/config-repo-1581957115695070279/'
2022-02-09 22:59:36 [http-nio-8888-exec-3] INFO  o.s.c.c.s.e.NativeEnvironmentRepository - Adding property source: Config resource 'file [C:\Users\caiow\AppData\Local\Temp\config-repo-1581957115695070279\config-client.yaml]' via location 'file:/C:/Users/caiow/AppData/Local/Temp/config-repo-1581957115695070279/'
2022-02-09 23:12:11 [Thread-4] WARN  o.s.c.c.s.e.MultipleJGitEnvironmentRepository - Failed to delete temporary directory on exit: java.nio.file.AccessDeniedException: C:\Users\caiow\AppData\Local\Temp\config-repo-1581957115695070279\.git\objects\pack\pack-ff27b22a7a23d851434bfc6f1a5cfd16e0e2ae64.idx
2022-02-09 23:21:39 [background-preinit] INFO  o.h.validator.internal.util.Version - HV000001: Hibernate Validator 6.2.0.Final
2022-02-09 23:21:40 [main] INFO  c.e.c.ConfigServerApplicationKt - No active profile set, falling back to default profiles: default
2022-02-09 23:21:41 [main] INFO  o.s.cloud.context.scope.GenericScope - BeanFactory id=3c061693-7d39-3f2d-94d2-f5aeb3a623fe
2022-02-09 23:21:42 [main] INFO  o.s.b.w.e.tomcat.TomcatWebServer - Tomcat initialized with port(s): 8888 (http)
2022-02-09 23:21:42 [main] INFO  o.a.coyote.http11.Http11NioProtocol - Initializing ProtocolHandler ["http-nio-8888"]
2022-02-09 23:21:42 [main] INFO  o.a.catalina.core.StandardService - Starting service [Tomcat]
2022-02-09 23:21:42 [main] INFO  o.a.catalina.core.StandardEngine - Starting Servlet engine: [Apache Tomcat/9.0.56]
2022-02-09 23:21:42 [main] INFO  o.a.c.c.C.[Tomcat].[localhost].[/] - Initializing Spring embedded WebApplicationContext
2022-02-09 23:21:42 [main] INFO  o.s.b.w.s.c.ServletWebServerApplicationContext - Root WebApplicationContext: initialization completed in 1663 ms
2022-02-09 23:21:44 [main] DEBUG o.s.c.c.s.s.GitCredentialsProviderFactory - Constructing UsernamePasswordCredentialsProvider for URI https://github.com/caiofernandes00/Spring-Cloud-Server-Repository
2022-02-09 23:21:45 [main] INFO  o.a.coyote.http11.Http11NioProtocol - Starting ProtocolHandler ["http-nio-8888"]
2022-02-09 23:21:45 [main] INFO  o.s.b.w.e.tomcat.TomcatWebServer - Tomcat started on port(s): 8888 (http) with context path ''
2022-02-09 23:21:46 [main] INFO  c.e.c.ConfigServerApplicationKt - Started ConfigServerApplicationKt in 8.342 seconds (JVM running for 9.779)
2022-02-09 23:24:03 [http-nio-8888-exec-1] INFO  o.a.c.c.C.[Tomcat].[localhost].[/] - Initializing Spring DispatcherServlet 'dispatcherServlet'
2022-02-09 23:24:03 [http-nio-8888-exec-1] INFO  o.s.web.servlet.DispatcherServlet - Initializing Servlet 'dispatcherServlet'
2022-02-09 23:24:03 [http-nio-8888-exec-1] INFO  o.s.web.servlet.DispatcherServlet - Completed initialization in 2 ms
2022-02-09 23:24:03 [http-nio-8888-exec-1] DEBUG o.s.c.c.s.s.GitCredentialsProviderFactory - Constructing UsernamePasswordCredentialsProvider for URI https://github.com/caiofernandes00/Spring-Cloud-Server-Repository
2022-02-09 23:24:04 [http-nio-8888-exec-1] INFO  o.s.c.c.s.e.NativeEnvironmentRepository - Adding property source: Config resource 'file [C:\Users\caiow\AppData\Local\Temp\config-repo-3048983588771884436\config-client-twitterservice.yaml]' via location 'file:/C:/Users/caiow/AppData/Local/Temp/config-repo-3048983588771884436/'
2022-02-09 23:24:04 [http-nio-8888-exec-1] INFO  o.s.c.c.s.e.NativeEnvironmentRepository - Adding property source: Config resource 'file [C:\Users\caiow\AppData\Local\Temp\config-repo-3048983588771884436\config-client.yaml]' via location 'file:/C:/Users/caiow/AppData/Local/Temp/config-repo-3048983588771884436/'
2022-02-09 23:24:20 [http-nio-8888-exec-4] DEBUG o.s.c.c.s.s.GitCredentialsProviderFactory - Constructing UsernamePasswordCredentialsProvider for URI https://github.com/caiofernandes00/Spring-Cloud-Server-Repository
2022-02-09 23:24:20 [http-nio-8888-exec-4] INFO  o.s.c.c.s.e.NativeEnvironmentRepository - Adding property source: Config resource 'file [C:\Users\caiow\AppData\Local\Temp\config-repo-3048983588771884436\config-client-twitterservice.yaml]' via location 'file:/C:/Users/caiow/AppData/Local/Temp/config-repo-3048983588771884436/'
2022-02-09 23:24:20 [http-nio-8888-exec-4] INFO  o.s.c.c.s.e.NativeEnvironmentRepository - Adding property source: Config resource 'file [C:\Users\caiow\AppData\Local\Temp\config-repo-3048983588771884436\config-client.yaml]' via location 'file:/C:/Users/caiow/AppData/Local/Temp/config-repo-3048983588771884436/'
2022-02-09 23:29:23 [Thread-4] WARN  o.s.c.c.s.e.MultipleJGitEnvironmentRepository - Failed to delete temporary directory on exit: java.nio.file.AccessDeniedException: C:\Users\caiow\AppData\Local\Temp\config-repo-3048983588771884436\.git\objects\pack\pack-ff27b22a7a23d851434bfc6f1a5cfd16e0e2ae64.idx
2022-02-09 23:29:29 [background-preinit] INFO  o.h.validator.internal.util.Version - HV000001: Hibernate Validator 6.2.0.Final
2022-02-09 23:29:30 [main] INFO  c.e.c.ConfigServerApplicationKt - No active profile set, falling back to default profiles: default
2022-02-09 23:29:31 [main] INFO  o.s.cloud.context.scope.GenericScope - BeanFactory id=3c061693-7d39-3f2d-94d2-f5aeb3a623fe
2022-02-09 23:29:31 [main] INFO  o.s.b.w.e.tomcat.TomcatWebServer - Tomcat initialized with port(s): 8888 (http)
2022-02-09 23:29:31 [main] INFO  o.a.coyote.http11.Http11NioProtocol - Initializing ProtocolHandler ["http-nio-8888"]
2022-02-09 23:29:31 [main] INFO  o.a.catalina.core.StandardService - Starting service [Tomcat]
2022-02-09 23:29:31 [main] INFO  o.a.catalina.core.StandardEngine - Starting Servlet engine: [Apache Tomcat/9.0.56]
2022-02-09 23:29:31 [main] INFO  o.a.c.c.C.[Tomcat].[localhost].[/] - Initializing Spring embedded WebApplicationContext
2022-02-09 23:29:31 [main] INFO  o.s.b.w.s.c.ServletWebServerApplicationContext - Root WebApplicationContext: initialization completed in 1419 ms
2022-02-09 23:29:32 [main] DEBUG o.s.c.c.s.s.GitCredentialsProviderFactory - Constructing UsernamePasswordCredentialsProvider for URI https://github.com/caiofernandes00/Spring-Cloud-Server-Repository
2022-02-09 23:29:34 [main] INFO  o.a.coyote.http11.Http11NioProtocol - Starting ProtocolHandler ["http-nio-8888"]
2022-02-09 23:29:34 [main] INFO  o.s.b.w.e.tomcat.TomcatWebServer - Tomcat started on port(s): 8888 (http) with context path ''
2022-02-09 23:29:34 [main] INFO  c.e.c.ConfigServerApplicationKt - Started ConfigServerApplicationKt in 6.402 seconds (JVM running for 7.141)
